# project MDA (1.1.0) configured on Mon Oct 28 20:56:23 2013 by
# waf 1.7.11 (abi 98, python 20704f0 on linux2)
# using ./waf configure
#
----------------------------------------
Setting top to
/home/gian/mod/src_plugins/mda-lv2
----------------------------------------
Setting out to
/home/gian/mod/src_plugins/mda-lv2/build
----------------------------------------
Checking for 'g++' (c++ compiler)
find program=['g++', 'c++'] paths=['/usr/local/sbin', '/usr/local/bin', '/usr/sbin', '/usr/bin', '/sbin', '/bin', '/usr/games', '/usr/local/games'] var='CXX' -> '/usr/bin/g++'
find program=['ar'] paths=['/usr/local/sbin', '/usr/local/bin', '/usr/sbin', '/usr/bin', '/sbin', '/bin', '/usr/games', '/usr/local/games'] var='AR' -> '/usr/bin/ar'
/usr/bin/g++
-------------------------------
Checking for program pkg-config
/usr/bin/pkg-config
find program=['pkg-config'] paths=['/usr/local/sbin', '/usr/local/bin', '/usr/sbin', '/usr/bin', '/sbin', '/bin', '/usr/games', '/usr/local/games'] var='PKGCONFIG' -> '/usr/bin/pkg-config'
-------------------------------
Checking for 'lv2' >= 1.0.0
['/usr/bin/pkg-config', '--atleast-version=1.0.0', 'lv2']
['/usr/bin/pkg-config', '--cflags', '--libs', 'lv2']
out:   

yes
